<?xml version="1.0" encoding="UTF-8"?>
<!-- Generated by org.testng.reporters.JUnitReportReporter -->
<testsuite hostname="MSI" failures="0" tests="3" name="Api.Automation.project2validationStatusCode" time="3.392" errors="0" timestamp="2024-12-14T22:14:49 IST" skipped="0">
  <testcase classname="Api.Automation.project2validationStatusCode" name="test" time="0.208"/>
  <system-out/>
  <testcase classname="Api.Automation.project2validationStatusCode" name="getRequest" time="2.641"/>
  <system-out/>
  <testcase classname="Api.Automation.project2validationStatusCode" name="postRequest" time="0.543"/>
  <system-out/>
</testsuite> <!-- Api.Automation.project2validationStatusCode -->
