<?xml version="1.0" encoding="UTF-8"?>
<!-- Generated by org.testng.reporters.JUnitReportReporter -->
<testsuite hostname="MSI" failures="0" tests="4" name="Api.Automation.AppTest" time="6.637" errors="0" timestamp="2024-12-13T20:49:06 IST" skipped="0">
  <testcase classname="Api.Automation.AppTest" name="deleteEmployee" time="0.965"/>
  <system-out/>
  <testcase classname="Api.Automation.AppTest" name="fetchAllEmployeeDataByID" time="1.044"/>
  <system-out/>
  <testcase classname="Api.Automation.AppTest" name="createAnEmployee" time="3.544"/>
  <system-out/>
  <testcase classname="Api.Automation.AppTest" name="fetchAllEmployeeData" time="1.084"/>
  <system-out/>
</testsuite> <!-- Api.Automation.AppTest -->
